[debug] [2017-08-14T02:06:44.415Z] ----------------------------------------------------------------------
[debug] [2017-08-14T02:06:44.419Z] Command:       /usr/local/bin/node /Users/edwardsztukowski/react-ingredients/node_modules/.bin/firebase init
[debug] [2017-08-14T02:06:44.419Z] CLI Version:   3.9.2
[debug] [2017-08-14T02:06:44.419Z] Platform:      darwin
[debug] [2017-08-14T02:06:44.419Z] Node Version:  v6.10.3
[debug] [2017-08-14T02:06:44.420Z] Time:          Sun Aug 13 2017 20:06:44 GMT-0600 (MDT)
[debug] [2017-08-14T02:06:44.420Z] ----------------------------------------------------------------------
[debug] 
[debug] [2017-08-14T02:06:44.430Z] > command requires scopes: ["email","openid","https://www.googleapis.com/auth/cloudplatformprojects.readonly","https://www.googleapis.com/auth/firebase"]
[debug] [2017-08-14T02:06:44.430Z] > authorizing via signed-in user
[info] 
     🔥🔥🔥🔥🔥🔥🔥🔥 🔥🔥🔥🔥 🔥🔥🔥🔥🔥🔥🔥🔥  🔥🔥🔥🔥🔥🔥🔥🔥 🔥🔥🔥🔥🔥🔥🔥🔥     🔥🔥🔥     🔥🔥🔥🔥🔥🔥  🔥🔥🔥🔥🔥🔥🔥🔥
     🔥🔥        🔥🔥  🔥🔥     🔥🔥 🔥🔥       🔥🔥     🔥🔥  🔥🔥   🔥🔥  🔥🔥       🔥🔥
     🔥🔥🔥🔥🔥🔥    🔥🔥  🔥🔥🔥🔥🔥🔥🔥🔥  🔥🔥🔥🔥🔥🔥   🔥🔥🔥🔥🔥🔥🔥🔥  🔥🔥🔥🔥🔥🔥🔥🔥🔥  🔥🔥🔥🔥🔥🔥  🔥🔥🔥🔥🔥🔥
     🔥🔥        🔥🔥  🔥🔥    🔥🔥  🔥🔥       🔥🔥     🔥🔥 🔥🔥     🔥🔥       🔥🔥 🔥🔥
     🔥🔥       🔥🔥🔥🔥 🔥🔥     🔥🔥 🔥🔥🔥🔥🔥🔥🔥🔥 🔥🔥🔥🔥🔥🔥🔥🔥  🔥🔥     🔥🔥  🔥🔥🔥🔥🔥🔥  🔥🔥🔥🔥🔥🔥🔥🔥

You're about to initialize a Firebase project in this directory:

  /Users/edwardsztukowski/react-ingredients

[info] 
=== Project Setup
[info] 
[info] First, let's associate this project directory with a Firebase project.
[info] You can create multiple project aliases by running firebase use --add, 
[info] but for now we'll just set up a default project.
[info] 
[debug] [2017-08-14T02:06:50.651Z] > refreshing access token with scopes: ["email","https://www.googleapis.com/auth/cloudplatformprojects.readonly","https://www.googleapis.com/auth/firebase","openid"]
[debug] [2017-08-14T02:06:50.651Z] >>> HTTP REQUEST POST https://www.googleapis.com/oauth2/v3/token { refresh_token: '1/rzFapEoQZgFZyXZHDhS_cmKJnZuGggoh78BvbpSzJA2oqfgO5pwirsULNWGTpK74',
  client_id: '563584335869-fgrhgmd47bqnekij5i8b5pr03ho849e6.apps.googleusercontent.com',
  client_secret: 'j9iVZfS8kkCEFUPaAeJV0sAi',
  grant_type: 'refresh_token',
  scope: 'email https://www.googleapis.com/auth/cloudplatformprojects.readonly https://www.googleapis.com/auth/firebase openid' } 
 Sun Aug 13 2017 20:06:50 GMT-0600 (MDT)
[debug] [2017-08-14T02:06:50.819Z] <<< HTTP RESPONSE 200
[debug] [2017-08-14T02:06:50.823Z] >>> HTTP REQUEST GET https://admin.firebase.com/v1/projects  
 Sun Aug 13 2017 20:06:50 GMT-0600 (MDT)
[debug] [2017-08-14T02:06:51.886Z] <<< HTTP RESPONSE 200
